#########################################
#					#
#	Planteamiento del modelo	#
#					#
#########################################


Max INGRESOTOT - EGRESOTOT
Subject to
 TOTING : -INGRESO[CAD] - INGRESO[MAD] - INGRESO[MTT] - INGRESO[SAL] - INGRESO[SCR] - INGRESO[TUL] - INGRESO[DBO] + INGRESOTOT = 0.0
 TOTEGR : -EGRESO[CAD] - EGRESO[MAD] - EGRESO[MTT] - EGRESO[SAL] - EGRESO[SCR] - EGRESO[TUL] - EGRESO[DBO] + EGRESOTOT = 0.0
 VENTAS[CAD] : -62.1 PRODUCCION[CAD,DSL] - 60.1 PRODUCCION[CAD,GNA] - 38.5 PRODUCCION[CAD,COM] - 43.1 PRODUCCION[CAD,LPG] - 10 PRODUCCION[CAD,CKE] + INGRESO[CAD] = 0.0
 VENTAS[MAD] : -61.8 PRODUCCION[MAD,DSL] - 59.8 PRODUCCION[MAD,GNA] - 40 PRODUCCION[MAD,COM] - 42.8 PRODUCCION[MAD,LPG] - 10 PRODUCCION[MAD,CKE] + INGRESO[MAD] = 0.0
 VENTAS[MTT] : -61.9 PRODUCCION[MTT,DSL] - 59.9 PRODUCCION[MTT,GNA] - 40 PRODUCCION[MTT,COM] - 42.9 PRODUCCION[MTT,LPG] - 10 PRODUCCION[MTT,CKE] + INGRESO[MTT] = 0.0
 VENTAS[SAL] : -62.5 PRODUCCION[SAL,DSL] - 60.5 PRODUCCION[SAL,GNA] - 38.9 PRODUCCION[SAL,COM] - 43.5 PRODUCCION[SAL,LPG] - 10 PRODUCCION[SAL,CKE] + INGRESO[SAL] = 0.0
 VENTAS[SCR] : -62.3 PRODUCCION[SCR,DSL] - 60.3 PRODUCCION[SCR,GNA] - 40 PRODUCCION[SCR,COM] - 43.3 PRODUCCION[SCR,LPG] - 10 PRODUCCION[SCR,CKE] + INGRESO[SCR] = 0.0
 VENTAS[TUL] : -61.9 PRODUCCION[TUL,DSL] - 59.9 PRODUCCION[TUL,GNA] - 38.6 PRODUCCION[TUL,COM] - 42.9 PRODUCCION[TUL,LPG] - 10 PRODUCCION[TUL,CKE] + INGRESO[TUL] = 0.0
 VENTAS[DBO] : -62.2 PRODUCCION[DBO,DSL] - 60.2 PRODUCCION[DBO,GNA] - 40 PRODUCCION[DBO,COM] - 43.2 PRODUCCION[DBO,LPG] - 10 PRODUCCION[DBO,CKE] + INGRESO[DBO] = 0.0
 COMPRAS[CAD] : -52.35 PROCESO[CAD,IST] - 47.35 PROCESO[CAD,MAY] + EGRESO[CAD] = 0.0
 COMPRAS[MAD] : -51.85 PROCESO[MAD,IST] - 46.85 PROCESO[MAD,MAY] + EGRESO[MAD] = 0.0
 COMPRAS[MTT] : -50.85 PROCESO[MTT,IST] - 45.85 PROCESO[MTT,MAY] + EGRESO[MTT] = 0.0
 COMPRAS[SAL] : -51.65 PROCESO[SAL,IST] - 46.65 PROCESO[SAL,MAY] + EGRESO[SAL] = 0.0
 COMPRAS[SCR] : -51.25 PROCESO[SCR,IST] - 46.25 PROCESO[SCR,MAY] + EGRESO[SCR] = 0.0
 COMPRAS[TUL] : -51.45 PROCESO[TUL,IST] - 46.45 PROCESO[TUL,MAY] + EGRESO[TUL] = 0.0
 COMPRAS[DBO] : -50.85 PROCESO[DBO,IST] - 45.85 PROCESO[DBO,MAY] + EGRESO[DBO] = 0.0
 PROCRU[CAD,IST] : PROCESO[CAD,IST] - DESTIPRIM[CAD,L1,IST] - DESTIPRIM[CAD,L2,IST] - DESTIPRIM[CAD,L3,IST] - DESTIPRIM[CAD,L4,IST] = 0.0
 PROCRU[MAD,IST] : PROCESO[MAD,IST] - DESTIPRIM[MAD,L1,IST] - DESTIPRIM[MAD,L2,IST] - DESTIPRIM[MAD,L3,IST] - DESTIPRIM[MAD,L4,IST] = 0.0
 PROCRU[MTT,IST] : PROCESO[MTT,IST] - DESTIPRIM[MTT,L1,IST] - DESTIPRIM[MTT,L2,IST] - DESTIPRIM[MTT,L3,IST] - DESTIPRIM[MTT,L4,IST] = 0.0
 PROCRU[SAL,IST] : PROCESO[SAL,IST] - DESTIPRIM[SAL,L1,IST] - DESTIPRIM[SAL,L2,IST] - DESTIPRIM[SAL,L3,IST] - DESTIPRIM[SAL,L4,IST] = 0.0
 PROCRU[SCR,IST] : PROCESO[SCR,IST] - DESTIPRIM[SCR,L1,IST] - DESTIPRIM[SCR,L2,IST] - DESTIPRIM[SCR,L3,IST] - DESTIPRIM[SCR,L4,IST] = 0.0
 PROCRU[TUL,IST] : PROCESO[TUL,IST] - DESTIPRIM[TUL,L1,IST] - DESTIPRIM[TUL,L2,IST] - DESTIPRIM[TUL,L3,IST] - DESTIPRIM[TUL,L4,IST] = 0.0
 PROCRU[DBO,IST] : PROCESO[DBO,IST] - DESTIPRIM[DBO,L1,IST] - DESTIPRIM[DBO,L2,IST] - DESTIPRIM[DBO,L3,IST] - DESTIPRIM[DBO,L4,IST] = 0.0
 PROCRU[CAD,MAY] : PROCESO[CAD,MAY] - DESTIPRIM[CAD,L1,MAY] - DESTIPRIM[CAD,L2,MAY] - DESTIPRIM[CAD,L3,MAY] - DESTIPRIM[CAD,L4,MAY] = 0.0
 PROCRU[MAD,MAY] : PROCESO[MAD,MAY] - DESTIPRIM[MAD,L1,MAY] - DESTIPRIM[MAD,L2,MAY] - DESTIPRIM[MAD,L3,MAY] - DESTIPRIM[MAD,L4,MAY] = 0.0
 PROCRU[MTT,MAY] : PROCESO[MTT,MAY] - DESTIPRIM[MTT,L1,MAY] - DESTIPRIM[MTT,L2,MAY] - DESTIPRIM[MTT,L3,MAY] - DESTIPRIM[MTT,L4,MAY] = 0.0
 PROCRU[SAL,MAY] : PROCESO[SAL,MAY] - DESTIPRIM[SAL,L1,MAY] - DESTIPRIM[SAL,L2,MAY] - DESTIPRIM[SAL,L3,MAY] - DESTIPRIM[SAL,L4,MAY] = 0.0
 PROCRU[SCR,MAY] : PROCESO[SCR,MAY] - DESTIPRIM[SCR,L1,MAY] - DESTIPRIM[SCR,L2,MAY] - DESTIPRIM[SCR,L3,MAY] - DESTIPRIM[SCR,L4,MAY] = 0.0
 PROCRU[TUL,MAY] : PROCESO[TUL,MAY] - DESTIPRIM[TUL,L1,MAY] - DESTIPRIM[TUL,L2,MAY] - DESTIPRIM[TUL,L3,MAY] - DESTIPRIM[TUL,L4,MAY] = 0.0
 PROCRU[DBO,MAY] : PROCESO[DBO,MAY] - DESTIPRIM[DBO,L1,MAY] - DESTIPRIM[DBO,L2,MAY] - DESTIPRIM[DBO,L3,MAY] - DESTIPRIM[DBO,L4,MAY] = 0.0
 RENDIM[CAD,DSL] : -0.291531137 DESTIPRIM[CAD,L1,IST] - 0.38572836 DESTIPRIM[CAD,L2,IST] - 0.369233441 DESTIPRIM[CAD,L3,IST] - 0.1564019 DESTIPRIM[CAD,L4,IST] - 0.294088868 DESTIPRIM[CAD,L1,MAY] - 0.350517691 DESTIPRIM[CAD,L2,MAY] - 0.32664394 DESTIPRIM[CAD,L3,MAY] - 0.181691545 DESTIPRIM[CAD,L4,MAY] + PRODUCCION[CAD,DSL] = 0.0
 RENDIM[MAD,DSL] : -0.269158328 DESTIPRIM[MAD,L1,IST] - 0.384725743 DESTIPRIM[MAD,L2,IST] - 0.379592968 DESTIPRIM[MAD,L3,IST] - 0.125074627 DESTIPRIM[MAD,L4,IST] - 0.282949741 DESTIPRIM[MAD,L1,MAY] - 0.351397058 DESTIPRIM[MAD,L2,MAY] - 0.364693808 DESTIPRIM[MAD,L3,MAY] - 0.170848339 DESTIPRIM[MAD,L4,MAY] + PRODUCCION[MAD,DSL] = 0.0
 RENDIM[MTT,DSL] : -0.296742285 DESTIPRIM[MTT,L1,IST] - 0.377399661 DESTIPRIM[MTT,L2,IST] - 0.311192718 DESTIPRIM[MTT,L3,IST] - 0.085623175 DESTIPRIM[MTT,L4,IST] - 0.342266878 DESTIPRIM[MTT,L1,MAY] - 0.349103039 DESTIPRIM[MTT,L2,MAY] - 0.361579198 DESTIPRIM[MTT,L3,MAY] - 0.250914763 DESTIPRIM[MTT,L4,MAY] + PRODUCCION[MTT,DSL] = 0.0
 RENDIM[SAL,DSL] : -0.192604006 DESTIPRIM[SAL,L1,IST] - 0.262379346 DESTIPRIM[SAL,L2,IST] - 0.328821414 DESTIPRIM[SAL,L3,IST] - 0.182169192 DESTIPRIM[SAL,L4,IST] - 0.145120031 DESTIPRIM[SAL,L1,MAY] - 0.238547179 DESTIPRIM[SAL,L2,MAY] - 0.093087624 DESTIPRIM[SAL,L3,MAY] - 0.060289918 DESTIPRIM[SAL,L4,MAY] + PRODUCCION[SAL,DSL] = 0.0
 RENDIM[SCR,DSL] : -0.208869666 DESTIPRIM[SCR,L1,IST] - 0.262379346 DESTIPRIM[SCR,L2,IST] - 0.339241042 DESTIPRIM[SCR,L3,IST] - 0.124644576 DESTIPRIM[SCR,L4,IST] - 0.127757353 DESTIPRIM[SCR,L1,MAY] - 0.238547179 DESTIPRIM[SCR,L2,MAY] - 0.093171248 DESTIPRIM[SCR,L3,MAY] - 0.055627761 DESTIPRIM[SCR,L4,MAY] + PRODUCCION[SCR,DSL] = 0.0
 RENDIM[TUL,DSL] : -0.307653525 DESTIPRIM[TUL,L1,IST] - 0.380021789 DESTIPRIM[TUL,L2,IST] - 0.380021789 DESTIPRIM[TUL,L3,IST] - 0.154964521 DESTIPRIM[TUL,L4,IST] - 0.256942674 DESTIPRIM[TUL,L1,MAY] - 0.334722318 DESTIPRIM[TUL,L2,MAY] - 0.275314766 DESTIPRIM[TUL,L3,MAY] - 0.097424864 DESTIPRIM[TUL,L4,MAY] + PRODUCCION[TUL,DSL] = 0.0
 RENDIM[DBO,DSL] : -0.265844921 DESTIPRIM[DBO,L1,IST] - 0.378497678 DESTIPRIM[DBO,L2,IST] - 0.287832384 DESTIPRIM[DBO,L3,IST] - 0.096057857 DESTIPRIM[DBO,L4,IST] - 0.310120178 DESTIPRIM[DBO,L1,MAY] - 0.362031553 DESTIPRIM[DBO,L2,MAY] - 0.350713972 DESTIPRIM[DBO,L3,MAY] - 0.165091773 DESTIPRIM[DBO,L4,MAY] + PRODUCCION[DBO,DSL] = 0.0
 RENDIM[CAD,GNA] : -0.618597028 DESTIPRIM[CAD,L1,IST] - 0.527848626 DESTIPRIM[CAD,L2,IST] - 0.522003041 DESTIPRIM[CAD,L3,IST] - 0.642582262 DESTIPRIM[CAD,L4,IST] - 0.550734194 DESTIPRIM[CAD,L1,MAY] - 0.484117515 DESTIPRIM[CAD,L2,MAY] - 0.4678359 DESTIPRIM[CAD,L3,MAY] - 0.575002338 DESTIPRIM[CAD,L4,MAY] + PRODUCCION[CAD,GNA] = 0.0
 RENDIM[MAD,GNA] : -0.637448889 DESTIPRIM[MAD,L1,IST] - 0.522123992 DESTIPRIM[MAD,L2,IST] - 0.464280885 DESTIPRIM[MAD,L3,IST] - 0.604875622 DESTIPRIM[MAD,L4,IST] - 0.510389827 DESTIPRIM[MAD,L1,MAY] - 0.464113911 DESTIPRIM[MAD,L2,MAY] - 0.446706938 DESTIPRIM[MAD,L3,MAY] - 0.524263039 DESTIPRIM[MAD,L4,MAY] + PRODUCCION[MAD,GNA] = 0.0
 RENDIM[MTT,GNA] : -0.611948113 DESTIPRIM[MTT,L1,IST] - 0.507098626 DESTIPRIM[MTT,L2,IST] - 0.452085586 DESTIPRIM[MTT,L3,IST] - 0.685413345 DESTIPRIM[MTT,L4,IST] - 0.516367917 DESTIPRIM[MTT,L1,MAY] - 0.458483053 DESTIPRIM[MTT,L2,MAY] - 0.463796054 DESTIPRIM[MTT,L3,MAY] - 0.447456121 DESTIPRIM[MTT,L4,MAY] + PRODUCCION[MTT,GNA] = 0.0
 RENDIM[SAL,GNA] : -0.545968156 DESTIPRIM[SAL,L1,IST] - 0.42730479 DESTIPRIM[SAL,L2,IST] - 0.388407198 DESTIPRIM[SAL,L3,IST] - 0.553306685 DESTIPRIM[SAL,L4,IST] - 0.335989768 DESTIPRIM[SAL,L1,MAY] - 0.444851497 DESTIPRIM[SAL,L2,MAY] - 0.310621683 DESTIPRIM[SAL,L3,MAY] - 0.322605087 DESTIPRIM[SAL,L4,MAY] + PRODUCCION[SAL,GNA] = 0.0
 RENDIM[SCR,GNA] : -0.544001883 DESTIPRIM[SCR,L1,IST] - 0.42730479 DESTIPRIM[SCR,L2,IST] - 0.409521234 DESTIPRIM[SCR,L3,IST] - 0.583208571 DESTIPRIM[SCR,L4,IST] - 0.333639706 DESTIPRIM[SCR,L1,MAY] - 0.444851497 DESTIPRIM[SCR,L2,MAY] - 0.310900727 DESTIPRIM[SCR,L3,MAY] - 0.373796694 DESTIPRIM[SCR,L4,MAY] + PRODUCCION[SCR,GNA] = 0.0
 RENDIM[TUL,GNA] : -0.551175652 DESTIPRIM[TUL,L1,IST] - 0.479313798 DESTIPRIM[TUL,L2,IST] - 0.479313798 DESTIPRIM[TUL,L3,IST] - 0.618925596 DESTIPRIM[TUL,L4,IST] - 0.504641636 DESTIPRIM[TUL,L1,MAY] - 0.425354808 DESTIPRIM[TUL,L2,MAY] - 0.406710512 DESTIPRIM[TUL,L3,MAY] - 0.51551229 DESTIPRIM[TUL,L4,MAY] + PRODUCCION[TUL,GNA] = 0.0
 RENDIM[DBO,GNA] : -0.640500334 DESTIPRIM[DBO,L1,IST] - 0.510292761 DESTIPRIM[DBO,L2,IST] - 0.467219489 DESTIPRIM[DBO,L3,IST] - 0.628739024 DESTIPRIM[DBO,L4,IST] - 0.546210333 DESTIPRIM[DBO,L1,MAY] - 0.4861331 DESTIPRIM[DBO,L2,MAY] - 0.444429155 DESTIPRIM[DBO,L3,MAY] - 0.527271867 DESTIPRIM[DBO,L4,MAY] + PRODUCCION[DBO,GNA] = 0.0
 RENDIM[CAD,COM] : -0.003367508 DESTIPRIM[CAD,L2,IST] - 0.036928004 DESTIPRIM[CAD,L3,IST] - 0.138160401 DESTIPRIM[CAD,L4,IST] - 0.024994607 DESTIPRIM[CAD,L1,MAY] - 0.041698648 DESTIPRIM[CAD,L2,MAY] - 0.09583637 DESTIPRIM[CAD,L3,MAY] - 0.126004332 DESTIPRIM[CAD,L4,MAY] + PRODUCCION[CAD,COM] = 0.0
 RENDIM[MAD,COM] : -0.009809391 DESTIPRIM[MAD,L2,IST] - 0.090489031 DESTIPRIM[MAD,L3,IST] - 0.226169154 DESTIPRIM[MAD,L4,IST] - 0.076308445 DESTIPRIM[MAD,L1,MAY] - 0.059213809 DESTIPRIM[MAD,L2,MAY] - 0.072166151 DESTIPRIM[MAD,L3,MAY] - 0.203821529 DESTIPRIM[MAD,L4,MAY] + PRODUCCION[MAD,COM] = 0.0
 RENDIM[MTT,COM] : -0.035063872 DESTIPRIM[MTT,L2,IST] - 0.190455053 DESTIPRIM[MTT,L3,IST] - 0.170563022 DESTIPRIM[MTT,L4,IST] - 0.073899307 DESTIPRIM[MTT,L2,MAY] - 0.053434122 DESTIPRIM[MTT,L3,MAY] - 0.218259888 DESTIPRIM[MTT,L4,MAY] + PRODUCCION[MTT,COM] = 0.0
 RENDIM[SAL,COM] : -0.231055165 DESTIPRIM[SAL,L1,IST] - 0.288559001 DESTIPRIM[SAL,L2,IST] - 0.261269229 DESTIPRIM[SAL,L3,IST] - 0.239339407 DESTIPRIM[SAL,L4,IST] - 0.499212908 DESTIPRIM[SAL,L1,MAY] - 0.290914155 DESTIPRIM[SAL,L2,MAY] - 0.581331767 DESTIPRIM[SAL,L3,MAY] - 0.599039111 DESTIPRIM[SAL,L4,MAY] + PRODUCCION[SAL,COM] = 0.0
 RENDIM[SCR,COM] : -0.218417081 DESTIPRIM[SCR,L1,IST] - 0.288559001 DESTIPRIM[SCR,L2,IST] - 0.227065856 DESTIPRIM[SCR,L3,IST] - 0.265137193 DESTIPRIM[SCR,L4,IST] - 0.518178105 DESTIPRIM[SCR,L1,MAY] - 0.290914155 DESTIPRIM[SCR,L2,MAY] - 0.581854002 DESTIPRIM[SCR,L3,MAY] - 0.552716043 DESTIPRIM[SCR,L4,MAY] + PRODUCCION[SCR,COM] = 0.0
 RENDIM[TUL,COM] : -0.117872142 DESTIPRIM[TUL,L1,IST] - 0.121242376 DESTIPRIM[TUL,L2,IST] - 0.121242376 DESTIPRIM[TUL,L3,IST] - 0.200836372 DESTIPRIM[TUL,L4,IST] - 0.214016334 DESTIPRIM[TUL,L1,MAY] - 0.219660134 DESTIPRIM[TUL,L2,MAY] - 0.298205944 DESTIPRIM[TUL,L3,MAY] - 0.360917674 DESTIPRIM[TUL,L4,MAY] + PRODUCCION[TUL,COM] = 0.0
 RENDIM[DBO,COM] : -0.030032691 DESTIPRIM[DBO,L2,IST] - 0.224655868 DESTIPRIM[DBO,L3,IST] - 0.248497104 DESTIPRIM[DBO,L4,IST] - 0.018983212 DESTIPRIM[DBO,L2,MAY] - 0.094283343 DESTIPRIM[DBO,L3,MAY] - 0.206969346 DESTIPRIM[DBO,L4,MAY] + PRODUCCION[DBO,COM] = 0.0
 RENDIM[CAD,LPG] : -0.037148433 DESTIPRIM[CAD,L1,IST] - 0.030948099 DESTIPRIM[CAD,L2,IST] - 0.029392454 DESTIPRIM[CAD,L3,IST] - 0.027304292 DESTIPRIM[CAD,L4,IST] - 0.042219193 DESTIPRIM[CAD,L1,MAY] - 0.037780545 DESTIPRIM[CAD,L2,MAY] - 0.035288586 DESTIPRIM[CAD,L3,MAY] - 0.041222718 DESTIPRIM[CAD,L4,MAY] + PRODUCCION[CAD,LPG] = 0.0
 RENDIM[MAD,LPG] : -0.038443362 DESTIPRIM[MAD,L1,IST] - 0.030449612 DESTIPRIM[MAD,L2,IST] - 0.026054428 DESTIPRIM[MAD,L3,IST] - 0.026666667 DESTIPRIM[MAD,L4,IST] - 0.040455932 DESTIPRIM[MAD,L1,MAY] - 0.036945453 DESTIPRIM[MAD,L2,MAY] - 0.036955639 DESTIPRIM[MAD,L3,MAY] - 0.035907696 DESTIPRIM[MAD,L4,MAY] + PRODUCCION[MAD,LPG] = 0.0
 RENDIM[MTT,LPG] : -0.036843542 DESTIPRIM[MTT,L1,IST] - 0.028728368 DESTIPRIM[MTT,L2,IST] - 0.020810699 DESTIPRIM[MTT,L3,IST] - 0.033365774 DESTIPRIM[MTT,L4,IST] - 0.042414444 DESTIPRIM[MTT,L1,MAY] - 0.035082962 DESTIPRIM[MTT,L2,MAY] - 0.036745435 DESTIPRIM[MTT,L3,MAY] - 0.028646695 DESTIPRIM[MTT,L4,MAY] + PRODUCCION[MTT,LPG] = 0.0
 RENDIM[SAL,LPG] : -0.030372672 DESTIPRIM[SAL,L1,IST] - 0.021756863 DESTIPRIM[SAL,L2,IST] - 0.02150216 DESTIPRIM[SAL,L3,IST] - 0.025184716 DESTIPRIM[SAL,L4,IST] - 0.019677292 DESTIPRIM[SAL,L1,MAY] - 0.025687169 DESTIPRIM[SAL,L2,MAY] - 0.014958926 DESTIPRIM[SAL,L3,MAY] - 0.018065885 DESTIPRIM[SAL,L4,MAY] + PRODUCCION[SAL,LPG] = 0.0
 RENDIM[SCR,LPG] : -0.02871137 DESTIPRIM[SCR,L1,IST] - 0.021756863 DESTIPRIM[SCR,L2,IST] - 0.024171869 DESTIPRIM[SCR,L3,IST] - 0.027009659 DESTIPRIM[SCR,L4,IST] - 0.020424837 DESTIPRIM[SCR,L1,MAY] - 0.025687169 DESTIPRIM[SCR,L2,MAY] - 0.014074023 DESTIPRIM[SCR,L3,MAY] - 0.017859502 DESTIPRIM[SCR,L4,MAY] + PRODUCCION[SCR,LPG] = 0.0
 RENDIM[TUL,LPG] : -0.023298681 DESTIPRIM[TUL,L1,IST] - 0.019422037 DESTIPRIM[TUL,L2,IST] - 0.019422037 DESTIPRIM[TUL,L3,IST] - 0.025273511 DESTIPRIM[TUL,L4,IST] - 0.024399357 DESTIPRIM[TUL,L1,MAY] - 0.02026274 DESTIPRIM[TUL,L2,MAY] - 0.019768779 DESTIPRIM[TUL,L3,MAY] - 0.026145172 DESTIPRIM[TUL,L4,MAY] + PRODUCCION[TUL,LPG] = 0.0
 RENDIM[DBO,LPG] : -0.038605866 DESTIPRIM[DBO,L1,IST] - 0.029162823 DESTIPRIM[DBO,L2,IST] - 0.020292259 DESTIPRIM[DBO,L3,IST] - 0.026706015 DESTIPRIM[DBO,L4,IST] - 0.044509139 DESTIPRIM[DBO,L1,MAY] - 0.039483867 DESTIPRIM[DBO,L2,MAY] - 0.033614602 DESTIPRIM[DBO,L3,MAY] - 0.035922939 DESTIPRIM[DBO,L4,MAY] + PRODUCCION[DBO,LPG] = 0.0
 RENDIM[CAD,CKE] : -0.052723402 DESTIPRIM[CAD,L1,IST] - 0.052107407 DESTIPRIM[CAD,L2,IST] - 0.04244306 DESTIPRIM[CAD,L3,IST] - 0.035551145 DESTIPRIM[CAD,L4,IST] - 0.087963138 DESTIPRIM[CAD,L1,MAY] - 0.085885601 DESTIPRIM[CAD,L2,MAY] - 0.074395204 DESTIPRIM[CAD,L3,MAY] - 0.076079067 DESTIPRIM[CAD,L4,MAY] + PRODUCCION[CAD,CKE] = 0.0
 RENDIM[MAD,CKE] : -0.05494942 DESTIPRIM[MAD,L1,IST] - 0.052891262 DESTIPRIM[MAD,L2,IST] - 0.039582688 DESTIPRIM[MAD,L3,IST] - 0.01721393 DESTIPRIM[MAD,L4,IST] - 0.089896054 DESTIPRIM[MAD,L1,MAY] - 0.088329769 DESTIPRIM[MAD,L2,MAY] - 0.079477464 DESTIPRIM[MAD,L3,MAY] - 0.065159397 DESTIPRIM[MAD,L4,MAY] + PRODUCCION[MAD,CKE] = 0.0
 RENDIM[MTT,CKE] : -0.054466061 DESTIPRIM[MTT,L1,IST] - 0.051709473 DESTIPRIM[MTT,L2,IST] - 0.025455944 DESTIPRIM[MTT,L3,IST] - 0.025034684 DESTIPRIM[MTT,L4,IST] - 0.098950761 DESTIPRIM[MTT,L1,MAY] - 0.08343164 DESTIPRIM[MTT,L2,MAY] - 0.08444519 DESTIPRIM[MTT,L3,MAY] - 0.054722533 DESTIPRIM[MTT,L4,MAY] + PRODUCCION[MTT,CKE] = 0.0
 RENDIM[SAL,CKE] : PRODUCCION[SAL,CKE] = 0.0
 RENDIM[SCR,CKE] : PRODUCCION[SCR,CKE] = 0.0
 RENDIM[TUL,CKE] : PRODUCCION[TUL,CKE] = 0.0
 RENDIM[DBO,CKE] : -0.05504888 DESTIPRIM[DBO,L1,IST] - 0.052014047 DESTIPRIM[DBO,L2,IST] - 0.09916035 DESTIPRIM[DBO,L1,MAY] - 0.093368268 DESTIPRIM[DBO,L2,MAY] - 0.076958928 DESTIPRIM[DBO,L3,MAY] - 0.064744075 DESTIPRIM[DBO,L4,MAY] + PRODUCCION[DBO,CKE] = 0.0
 KAPAC[CAD,ATM] : -DESTIPRIM[CAD,L1,IST] - DESTIPRIM[CAD,L2,IST] - DESTIPRIM[CAD,L3,IST] - DESTIPRIM[CAD,L4,IST] - DESTIPRIM[CAD,L1,MAY] - DESTIPRIM[CAD,L2,MAY] - DESTIPRIM[CAD,L3,MAY] - DESTIPRIM[CAD,L4,MAY] + USOCAP[CAD,ATM] = 0.0
 KAPAC[MAD,ATM] : -DESTIPRIM[MAD,L1,IST] - DESTIPRIM[MAD,L2,IST] - DESTIPRIM[MAD,L3,IST] - DESTIPRIM[MAD,L4,IST] - DESTIPRIM[MAD,L1,MAY] - DESTIPRIM[MAD,L2,MAY] - DESTIPRIM[MAD,L3,MAY] - DESTIPRIM[MAD,L4,MAY] + USOCAP[MAD,ATM] = 0.0
 KAPAC[MTT,ATM] : -DESTIPRIM[MTT,L1,IST] - DESTIPRIM[MTT,L2,IST] - DESTIPRIM[MTT,L3,IST] - DESTIPRIM[MTT,L4,IST] - DESTIPRIM[MTT,L1,MAY] - DESTIPRIM[MTT,L2,MAY] - DESTIPRIM[MTT,L3,MAY] - DESTIPRIM[MTT,L4,MAY] + USOCAP[MTT,ATM] = 0.0
 KAPAC[SAL,ATM] : -DESTIPRIM[SAL,L1,IST] - DESTIPRIM[SAL,L2,IST] - DESTIPRIM[SAL,L3,IST] - DESTIPRIM[SAL,L4,IST] - DESTIPRIM[SAL,L1,MAY] - DESTIPRIM[SAL,L2,MAY] - DESTIPRIM[SAL,L3,MAY] - DESTIPRIM[SAL,L4,MAY] + USOCAP[SAL,ATM] = 0.0
 KAPAC[SCR,ATM] : -DESTIPRIM[SCR,L1,IST] - DESTIPRIM[SCR,L2,IST] - DESTIPRIM[SCR,L3,IST] - DESTIPRIM[SCR,L4,IST] - DESTIPRIM[SCR,L1,MAY] - DESTIPRIM[SCR,L2,MAY] - DESTIPRIM[SCR,L3,MAY] - DESTIPRIM[SCR,L4,MAY] + USOCAP[SCR,ATM] = 0.0
 KAPAC[TUL,ATM] : -DESTIPRIM[TUL,L1,IST] - DESTIPRIM[TUL,L2,IST] - DESTIPRIM[TUL,L3,IST] - DESTIPRIM[TUL,L4,IST] - DESTIPRIM[TUL,L1,MAY] - DESTIPRIM[TUL,L2,MAY] - DESTIPRIM[TUL,L3,MAY] - DESTIPRIM[TUL,L4,MAY] + USOCAP[TUL,ATM] = 0.0
 KAPAC[DBO,ATM] : -DESTIPRIM[DBO,L1,IST] - DESTIPRIM[DBO,L2,IST] - DESTIPRIM[DBO,L3,IST] - DESTIPRIM[DBO,L4,IST] - DESTIPRIM[DBO,L1,MAY] - DESTIPRIM[DBO,L2,MAY] - DESTIPRIM[DBO,L3,MAY] - DESTIPRIM[DBO,L4,MAY] + USOCAP[DBO,ATM] = 0.0
 KAPAC[CAD,VAC] : -0.533774482 DESTIPRIM[CAD,L1,IST] - 0.578323446 DESTIPRIM[CAD,L2,IST] - 0.514068738 DESTIPRIM[CAD,L3,IST] - 0.463940278 DESTIPRIM[CAD,L4,IST] - 0.533774482 DESTIPRIM[CAD,L1,MAY] - 0.533774482 DESTIPRIM[CAD,L2,MAY] - 0.622737759 DESTIPRIM[CAD,L3,MAY] - 0.622737759 DESTIPRIM[CAD,L4,MAY] + USOCAP[CAD,VAC] = 0.0
 KAPAC[MAD,VAC] : -0.420601504 DESTIPRIM[MAD,L1,IST] - 0.594668489 DESTIPRIM[MAD,L2,IST] - 0.594668489 DESTIPRIM[MAD,L3,IST] - 0.410771429 DESTIPRIM[MAD,L4,IST] - 0.582296651 DESTIPRIM[MAD,L1,MAY] - 0.594668489 DESTIPRIM[MAD,L2,MAY] - 0.594668489 DESTIPRIM[MAD,L3,MAY] - 0.582296651 DESTIPRIM[MAD,L4,MAY] + USOCAP[MAD,VAC] = 0.0
 KAPAC[MTT,VAC] : -0.252361111 DESTIPRIM[MTT,L1,IST] - 0.256432169 DESTIPRIM[MTT,L2,IST] - 0.336480556 DESTIPRIM[MTT,L3,IST] - 0.23786357 DESTIPRIM[MTT,L4,IST] - 0.29115 DESTIPRIM[MTT,L1,MAY] - 0.349380556 DESTIPRIM[MTT,L2,MAY] - 0.349380556 DESTIPRIM[MTT,L3,MAY] - 0.29115 DESTIPRIM[MTT,L4,MAY] + USOCAP[MTT,VAC] = 0.0
 KAPAC[SAL,VAC] : -0.210300847 DESTIPRIM[SAL,L1,IST] - 0.294419492 DESTIPRIM[SAL,L2,IST] - 0.294419492 DESTIPRIM[SAL,L3,IST] - 0.168241525 DESTIPRIM[SAL,L4,IST] - 0.407610169 DESTIPRIM[SAL,L1,MAY] - 0.407610169 DESTIPRIM[SAL,L2,MAY] - 0.57559322 DESTIPRIM[SAL,L3,MAY] - 0.407610169 DESTIPRIM[SAL,L4,MAY] + USOCAP[SAL,VAC] = 0.0
 KAPAC[SCR,VAC] : -0.210300847 DESTIPRIM[SCR,L1,IST] - 0.322699153 DESTIPRIM[SCR,L2,IST] - 0.541898305 DESTIPRIM[SCR,L3,IST] - 0.2765479 DESTIPRIM[SCR,L4,IST] - 0.407610169 DESTIPRIM[SCR,L1,MAY] - 0.396464544 DESTIPRIM[SCR,L2,MAY] - 0.56736765 DESTIPRIM[SCR,L3,MAY] - 0.407610169 DESTIPRIM[SCR,L4,MAY] + USOCAP[SCR,VAC] = 0.0
 KAPAC[TUL,VAC] : -0.294418605 DESTIPRIM[TUL,L1,IST] - 0.420598837 DESTIPRIM[TUL,L2,IST] - 0.420598837 DESTIPRIM[TUL,L3,IST] - 0.252360465 DESTIPRIM[TUL,L4,IST] - 0.407610465 DESTIPRIM[TUL,L1,MAY] - 0.349380814 DESTIPRIM[TUL,L2,MAY] - 0.349380814 DESTIPRIM[TUL,L3,MAY] - 0.349380814 DESTIPRIM[TUL,L4,MAY] + USOCAP[TUL,VAC] = 0.0
 KAPAC[DBO,VAC] : -0.245978258 DESTIPRIM[DBO,L1,IST] - 0.3487624 DESTIPRIM[DBO,L2,IST] - 0.4206 DESTIPRIM[DBO,L3,IST] - 0.25236 DESTIPRIM[DBO,L4,IST] - 0.349381818 DESTIPRIM[DBO,L1,MAY] - 0.470876279 DESTIPRIM[DBO,L2,MAY] - 0.451320978 DESTIPRIM[DBO,L3,MAY] - 0.349381818 DESTIPRIM[DBO,L4,MAY] + USOCAP[DBO,VAC] = 0.0
 KAPAC[CAD,FCC] : -0.534164431 DESTIPRIM[CAD,L1,IST] - 0.453294256 DESTIPRIM[CAD,L2,IST] - 0.390220339 DESTIPRIM[CAD,L3,IST] - 0.52306968 DESTIPRIM[CAD,L4,IST] - 0.404079096 DESTIPRIM[CAD,L1,MAY] - 0.346707156 DESTIPRIM[CAD,L2,MAY] - 0.390510358 DESTIPRIM[CAD,L3,MAY] - 0.52306968 DESTIPRIM[CAD,L4,MAY] + USOCAP[CAD,FCC] = 0.0
 KAPAC[MAD,FCC] : -0.44429255 DESTIPRIM[MAD,L1,IST] - 0.44429255 DESTIPRIM[MAD,L2,IST] - 0.431492857 DESTIPRIM[MAD,L3,IST] - 0.44429255 DESTIPRIM[MAD,L4,IST] - 0.44429255 DESTIPRIM[MAD,L1,MAY] - 0.396999316 DESTIPRIM[MAD,L2,MAY] - 0.359207109 DESTIPRIM[MAD,L3,MAY] - 0.44429255 DESTIPRIM[MAD,L4,MAY] + USOCAP[MAD,FCC] = 0.0
 KAPAC[MTT,FCC] : -0.205555556 DESTIPRIM[MTT,L1,IST] - 0.205555556 DESTIPRIM[MTT,L2,IST] - 0.205555556 DESTIPRIM[MTT,L3,IST] - 0.205555556 DESTIPRIM[MTT,L4,IST] - 0.205555556 DESTIPRIM[MTT,L1,MAY] - 0.205555556 DESTIPRIM[MTT,L2,MAY] - 0.205555556 DESTIPRIM[MTT,L3,MAY] - 0.205555556 DESTIPRIM[MTT,L4,MAY] + USOCAP[MTT,FCC] = 0.0
 KAPAC[SAL,FCC] : -0.190677966 DESTIPRIM[SAL,L1,IST] - 0.190677966 DESTIPRIM[SAL,L2,IST] - 0.190677966 DESTIPRIM[SAL,L3,IST] - 0.190677966 DESTIPRIM[SAL,L4,IST] - 0.190677966 DESTIPRIM[SAL,L1,MAY] - 0.190677966 DESTIPRIM[SAL,L2,MAY] - 0.190677966 DESTIPRIM[SAL,L3,MAY] - 0.190677966 DESTIPRIM[SAL,L4,MAY] + USOCAP[SAL,FCC] = 0.0
 KAPAC[SCR,FCC] : -0.190677966 DESTIPRIM[SCR,L1,IST] - 0.190677966 DESTIPRIM[SCR,L2,IST] - 0.190677966 DESTIPRIM[SCR,L3,IST] - 0.190677966 DESTIPRIM[SCR,L4,IST] - 0.190677966 DESTIPRIM[SCR,L1,MAY] - 0.190677966 DESTIPRIM[SCR,L2,MAY] - 0.190677966 DESTIPRIM[SCR,L3,MAY] - 0.190677966 DESTIPRIM[SCR,L4,MAY] + USOCAP[SCR,FCC] = 0.0
 KAPAC[TUL,FCC] : -0.261627907 DESTIPRIM[TUL,L1,IST] - 0.261627907 DESTIPRIM[TUL,L2,IST] - 0.261627907 DESTIPRIM[TUL,L3,IST] - 0.261627907 DESTIPRIM[TUL,L4,IST] - 0.261627907 DESTIPRIM[TUL,L1,MAY] - 0.172020349 DESTIPRIM[TUL,L2,MAY] - 0.172020349 DESTIPRIM[TUL,L3,MAY] - 0.261627907 DESTIPRIM[TUL,L4,MAY] + USOCAP[TUL,FCC] = 0.0
 KAPAC[DBO,FCC] : -0.269090909 DESTIPRIM[DBO,L1,IST] - 0.269090909 DESTIPRIM[DBO,L2,IST] - 0.269090909 DESTIPRIM[DBO,L3,IST] - 0.269090909 DESTIPRIM[DBO,L4,IST] - 0.269090909 DESTIPRIM[DBO,L1,MAY] - 0.269090909 DESTIPRIM[DBO,L2,MAY] - 0.269090909 DESTIPRIM[DBO,L3,MAY] - 0.269090909 DESTIPRIM[DBO,L4,MAY] + USOCAP[DBO,FCC] = 0.0
 KAPAC[CAD,COK] : -0.279661017 DESTIPRIM[CAD,L1,IST] - 0.264142083 DESTIPRIM[CAD,L2,IST] - 0.211985278 DESTIPRIM[CAD,L3,IST] - 0.121656944 DESTIPRIM[CAD,L4,IST] - 0.279661017 DESTIPRIM[CAD,L1,MAY] - 0.279661017 DESTIPRIM[CAD,L2,MAY] - 0.279661017 DESTIPRIM[CAD,L3,MAY] - 0.279661017 DESTIPRIM[CAD,L4,MAY] + USOCAP[CAD,COK] = 0.0
 KAPAC[MAD,COK] : -0.187170198 DESTIPRIM[MAD,L1,IST] - 0.255003418 DESTIPRIM[MAD,L2,IST] - 0.145717703 DESTIPRIM[MAD,L3,IST] - 0.049801429 DESTIPRIM[MAD,L4,IST] - 0.346534518 DESTIPRIM[MAD,L1,MAY] - 0.347368421 DESTIPRIM[MAD,L2,MAY] - 0.301982228 DESTIPRIM[MAD,L3,MAY] - 0.227915243 DESTIPRIM[MAD,L4,MAY] + USOCAP[MAD,COK] = 0.0
 KAPAC[MTT,COK] : -0.110386111 DESTIPRIM[MTT,L1,IST] - 0.123341667 DESTIPRIM[MTT,L2,IST] - 0.081390957 DESTIPRIM[MTT,L3,IST] - 0.034386111 DESTIPRIM[MTT,L4,IST] - 0.172916667 DESTIPRIM[MTT,L1,MAY] - 0.175 DESTIPRIM[MTT,L2,MAY] - 0.164847222 DESTIPRIM[MTT,L3,MAY] - 0.102630556 DESTIPRIM[MTT,L4,MAY] + USOCAP[MTT,COK] = 0.0
 KAPAC[SAL,COK] : USOCAP[SAL,COK] = 0.0
 KAPAC[SCR,COK] : USOCAP[SCR,COK] = 0.0
 KAPAC[TUL,COK] : USOCAP[TUL,COK] = 0.0
 KAPAC[DBO,COK] : -0.115786536 DESTIPRIM[DBO,L1,IST] - 0.159552727 DESTIPRIM[DBO,L2,IST] - 0.108989762 DESTIPRIM[DBO,L3,IST] - 0.033795325 DESTIPRIM[DBO,L4,IST] - 0.207974545 DESTIPRIM[DBO,L1,MAY] - 0.236756832 DESTIPRIM[DBO,L2,MAY] - 0.215178182 DESTIPRIM[DBO,L3,MAY] - 0.135890909 DESTIPRIM[DBO,L4,MAY] + USOCAP[DBO,COK] = 0.0
 KAPAC[CAD,REF] : -0.283204167 DESTIPRIM[CAD,L1,IST] - 0.258945386 DESTIPRIM[CAD,L2,IST] - 0.250923258 DESTIPRIM[CAD,L3,IST] - 0.227531944 DESTIPRIM[CAD,L4,IST] - 0.133377589 DESTIPRIM[CAD,L1,MAY] - 0.117426554 DESTIPRIM[CAD,L2,MAY] - 0.136997646 DESTIPRIM[CAD,L3,MAY] - 0.136997646 DESTIPRIM[CAD,L4,MAY] + USOCAP[CAD,REF] = 0.0
 KAPAC[MAD,REF] : -0.22479836 DESTIPRIM[MAD,L1,IST] - 0.293287765 DESTIPRIM[MAD,L2,IST] - 0.293287765 DESTIPRIM[MAD,L3,IST] - 0.192686261 DESTIPRIM[MAD,L4,IST] - 0.145502392 DESTIPRIM[MAD,L1,MAY] - 0.146397813 DESTIPRIM[MAD,L2,MAY] - 0.140355434 DESTIPRIM[MAD,L3,MAY] - 0.122816131 DESTIPRIM[MAD,L4,MAY] + USOCAP[MAD,REF] = 0.0
 KAPAC[MTT,REF] : -0.134880556 DESTIPRIM[MTT,L1,IST] - 0.143711111 DESTIPRIM[MTT,L2,IST] - 0.164238889 DESTIPRIM[MTT,L3,IST] - 0.089919444 DESTIPRIM[MTT,L4,IST] - 0.07275 DESTIPRIM[MTT,L1,MAY] - 0.076861111 DESTIPRIM[MTT,L2,MAY] - 0.073688889 DESTIPRIM[MTT,L3,MAY] - 0.061405556 DESTIPRIM[MTT,L4,MAY] + USOCAP[MTT,REF] = 0.0
 KAPAC[SAL,REF] : -0.13494564 DESTIPRIM[SAL,L1,IST] - 0.143711864 DESTIPRIM[SAL,L2,IST] - 0.175465 DESTIPRIM[SAL,L3,IST] - 0.089919492 DESTIPRIM[SAL,L4,IST] - 0.089669492 DESTIPRIM[SAL,L1,MAY] - 0.089669492 DESTIPRIM[SAL,L2,MAY] - 0.122813559 DESTIPRIM[SAL,L3,MAY] - 0.1003658 DESTIPRIM[SAL,L4,MAY] + USOCAP[SAL,REF] = 0.0
 KAPAC[SCR,REF] : -0.112398305 DESTIPRIM[SCR,L1,IST] - 0.130199153 DESTIPRIM[SCR,L2,IST] - 0.142216102 DESTIPRIM[SCR,L3,IST] - 0.089919492 DESTIPRIM[SCR,L4,IST] - 0.1408754 DESTIPRIM[SCR,L1,MAY] - 0.090158465 DESTIPRIM[SCR,L2,MAY] - 0.135853457 DESTIPRIM[SCR,L3,MAY] - 0.10063985 DESTIPRIM[SCR,L4,MAY] + USOCAP[SCR,REF] = 0.0
 KAPAC[TUL,REF] : -0.157360465 DESTIPRIM[TUL,L1,IST] - 0.203488372 DESTIPRIM[TUL,L2,IST] - 0.203488372 DESTIPRIM[TUL,L3,IST] - 0.134880814 DESTIPRIM[TUL,L4,IST] - 0.089668605 DESTIPRIM[TUL,L1,MAY] - 0.076860465 DESTIPRIM[TUL,L2,MAY] - 0.076860465 DESTIPRIM[TUL,L3,MAY] - 0.076860465 DESTIPRIM[TUL,L4,MAY] + USOCAP[TUL,REF] = 0.0
 KAPAC[DBO,REF] : -0.139865862 DESTIPRIM[DBO,L1,IST] - 0.165873255 DESTIPRIM[DBO,L2,IST] - 0.16968324 DESTIPRIM[DBO,L3,IST] - 0.13488 DESTIPRIM[DBO,L4,IST] - 0.087301818 DESTIPRIM[DBO,L1,MAY] - 0.089669091 DESTIPRIM[DBO,L2,MAY] - 0.098250909 DESTIPRIM[DBO,L3,MAY] - 0.073687273 DESTIPRIM[DBO,L4,MAY] + USOCAP[DBO,REF] = 0.0
 MOUNICO[CAD] : LAMBDA[CAD,L1] + LAMBDA[CAD,L2] + LAMBDA[CAD,L3] + LAMBDA[CAD,L4] = 1.0
 MOUNICO[MAD] : LAMBDA[MAD,L1] + LAMBDA[MAD,L2] + LAMBDA[MAD,L3] + LAMBDA[MAD,L4] = 1.0
 MOUNICO[MTT] : LAMBDA[MTT,L1] + LAMBDA[MTT,L2] + LAMBDA[MTT,L3] + LAMBDA[MTT,L4] = 1.0
 MOUNICO[SAL] : LAMBDA[SAL,L1] + LAMBDA[SAL,L2] + LAMBDA[SAL,L3] + LAMBDA[SAL,L4] = 1.0
 MOUNICO[SCR] : LAMBDA[SCR,L1] + LAMBDA[SCR,L2] + LAMBDA[SCR,L3] + LAMBDA[SCR,L4] = 1.0
 MOUNICO[TUL] : LAMBDA[TUL,L1] + LAMBDA[TUL,L2] + LAMBDA[TUL,L3] + LAMBDA[TUL,L4] = 1.0
 MOUNICO[DBO] : LAMBDA[DBO,L1] + LAMBDA[DBO,L2] + LAMBDA[DBO,L3] + LAMBDA[DBO,L4] = 1.0
 MNPES[CAD] : -0.35 PROCESO[CAD,IST] + 0.65 PROCESO[CAD,MAY] ≥ 0.0
 MNPES[MAD] : -0.6 PROCESO[MAD,IST] + 0.4 PROCESO[MAD,MAY] ≥ 0.0
 MNPES[MTT] : -0.7 PROCESO[MTT,IST] + 0.30000000000000004 PROCESO[MTT,MAY] ≥ 0.0
 MNPES[SAL] : -0.1 PROCESO[SAL,IST] + 0.9 PROCESO[SAL,MAY] ≥ 0.0
 MNPES[SCR] : -0.25 PROCESO[SCR,IST] + 0.75 PROCESO[SCR,MAY] ≥ 0.0
 MNPES[TUL] : -0.2 PROCESO[TUL,IST] + 0.8 PROCESO[TUL,MAY] ≥ 0.0
 MNPES[DBO] : -0.6 PROCESO[DBO,IST] + 0.4 PROCESO[DBO,MAY] ≥ 0.0
 MXPES[CAD] : -0.55 PROCESO[CAD,IST] + 0.44999999999999996 PROCESO[CAD,MAY] ≤ 0.0
 MXPES[MAD] : -0.85 PROCESO[MAD,IST] + 0.15000000000000002 PROCESO[MAD,MAY] ≤ 0.0
 MXPES[MTT] : -PROCESO[MTT,IST] ≤ 0.0
 MXPES[SAL] : -0.2 PROCESO[SAL,IST] + 0.8 PROCESO[SAL,MAY] ≤ 0.0
 MXPES[SCR] : -0.4 PROCESO[SCR,IST] + 0.6 PROCESO[SCR,MAY] ≤ 0.0
 MXPES[TUL] : -0.35 PROCESO[TUL,IST] + 0.65 PROCESO[TUL,MAY] ≤ 0.0
 MXPES[DBO] : -PROCESO[DBO,IST] ≤ 0.0
 KAPMAX[CAD,ATM] : USOCAP[CAD,ATM] ≤ 275.0
 KAPMAX[MAD,ATM] : USOCAP[MAD,ATM] ≤ 190.0
 KAPMAX[MTT,ATM] : USOCAP[MTT,ATM] ≤ 285.0
 KAPMAX[SAL,ATM] : USOCAP[SAL,ATM] ≤ 220.0
 KAPMAX[SCR,ATM] : USOCAP[SCR,ATM] ≤ 330.0
 KAPMAX[TUL,ATM] : USOCAP[TUL,ATM] ≤ 315.0
 KAPMAX[DBO,ATM] : USOCAP[DBO,ATM] ≤ 315.0
 KAPMAX[CAD,VAC] : USOCAP[CAD,VAC] ≤ 125.7
 KAPMAX[MAD,VAC] : USOCAP[MAD,VAC] ≤ 87.0
 KAPMAX[MTT,VAC] : USOCAP[MTT,VAC] ≤ 161.0
 KAPMAX[SAL,VAC] : USOCAP[SAL,VAC] ≤ 159.0
 KAPMAX[SCR,VAC] : USOCAP[SCR,VAC] ≤ 188.0
 KAPMAX[TUL,VAC] : USOCAP[TUL,VAC] ≤ 171.0
 KAPMAX[DBO,VAC] : USOCAP[DBO,VAC] ≤ 177.0
 KAPMAX[CAD,FCC] : USOCAP[CAD,FCC] ≤ 97.0
 KAPMAX[MAD,FCC] : USOCAP[MAD,FCC] ≤ 60.5
 KAPMAX[MTT,FCC] : USOCAP[MTT,FCC] ≤ 72.0
 KAPMAX[SAL,FCC] : USOCAP[SAL,FCC] ≤ 42.0
 KAPMAX[SCR,FCC] : USOCAP[SCR,FCC] ≤ 80.0
 KAPMAX[TUL,FCC] : USOCAP[TUL,FCC] ≤ 82.5
 KAPMAX[DBO,FCC] : USOCAP[DBO,FCC] ≤ 90.0
 KAPMAX[CAD,COK] : USOCAP[CAD,COK] ≤ 51.0
 KAPMAX[MAD,COK] : USOCAP[MAD,COK] ≤ 50.0
 KAPMAX[MTT,COK] : USOCAP[MTT,COK] ≤ 55.8
 KAPMAX[SAL,COK] : USOCAP[SAL,COK] ≤ 1.0e-6
 KAPMAX[SCR,COK] : USOCAP[SCR,COK] ≤ 1.0e-6
 KAPMAX[TUL,COK] : USOCAP[TUL,COK] ≤ 1.0e-6
 KAPMAX[DBO,COK] : USOCAP[DBO,COK] ≤ 86.0
 KAPMAX[CAD,REF] : USOCAP[CAD,REF] ≤ 51.0
 KAPMAX[MAD,REF] : USOCAP[MAD,REF] ≤ 40.0
 KAPMAX[MTT,REF] : USOCAP[MTT,REF] ≤ 49.0
 KAPMAX[SAL,REF] : USOCAP[SAL,REF] ≤ 39.3
 KAPMAX[SCR,REF] : USOCAP[SCR,REF] ≤ 50.0
 KAPMAX[TUL,REF] : USOCAP[TUL,REF] ≤ 65.0
 KAPMAX[DBO,REF] : USOCAP[DBO,REF] ≤ 65.0
 MOPER[CAD,L1] : DESTIPRIM[CAD,L1,IST] + DESTIPRIM[CAD,L1,MAY] - 275 LAMBDA[CAD,L1] ≤ 0.0
 MOPER[MAD,L1] : DESTIPRIM[MAD,L1,IST] + DESTIPRIM[MAD,L1,MAY] - 190 LAMBDA[MAD,L1] ≤ 0.0
 MOPER[MTT,L1] : DESTIPRIM[MTT,L1,IST] + DESTIPRIM[MTT,L1,MAY] - 285 LAMBDA[MTT,L1] ≤ 0.0
 MOPER[SAL,L1] : DESTIPRIM[SAL,L1,IST] + DESTIPRIM[SAL,L1,MAY] - 220 LAMBDA[SAL,L1] ≤ 0.0
 MOPER[SCR,L1] : DESTIPRIM[SCR,L1,IST] + DESTIPRIM[SCR,L1,MAY] - 330 LAMBDA[SCR,L1] ≤ 0.0
 MOPER[TUL,L1] : DESTIPRIM[TUL,L1,IST] + DESTIPRIM[TUL,L1,MAY] - 315 LAMBDA[TUL,L1] ≤ 0.0
 MOPER[DBO,L1] : DESTIPRIM[DBO,L1,IST] + DESTIPRIM[DBO,L1,MAY] - 315 LAMBDA[DBO,L1] ≤ 0.0
 MOPER[CAD,L2] : DESTIPRIM[CAD,L2,IST] + DESTIPRIM[CAD,L2,MAY] - 275 LAMBDA[CAD,L2] ≤ 0.0
 MOPER[MAD,L2] : DESTIPRIM[MAD,L2,IST] + DESTIPRIM[MAD,L2,MAY] - 190 LAMBDA[MAD,L2] ≤ 0.0
 MOPER[MTT,L2] : DESTIPRIM[MTT,L2,IST] + DESTIPRIM[MTT,L2,MAY] - 285 LAMBDA[MTT,L2] ≤ 0.0
 MOPER[SAL,L2] : DESTIPRIM[SAL,L2,IST] + DESTIPRIM[SAL,L2,MAY] - 220 LAMBDA[SAL,L2] ≤ 0.0
 MOPER[SCR,L2] : DESTIPRIM[SCR,L2,IST] + DESTIPRIM[SCR,L2,MAY] - 330 LAMBDA[SCR,L2] ≤ 0.0
 MOPER[TUL,L2] : DESTIPRIM[TUL,L2,IST] + DESTIPRIM[TUL,L2,MAY] - 315 LAMBDA[TUL,L2] ≤ 0.0
 MOPER[DBO,L2] : DESTIPRIM[DBO,L2,IST] + DESTIPRIM[DBO,L2,MAY] - 315 LAMBDA[DBO,L2] ≤ 0.0
 MOPER[CAD,L3] : DESTIPRIM[CAD,L3,IST] + DESTIPRIM[CAD,L3,MAY] - 275 LAMBDA[CAD,L3] ≤ 0.0
 MOPER[MAD,L3] : DESTIPRIM[MAD,L3,IST] + DESTIPRIM[MAD,L3,MAY] - 190 LAMBDA[MAD,L3] ≤ 0.0
 MOPER[MTT,L3] : DESTIPRIM[MTT,L3,IST] + DESTIPRIM[MTT,L3,MAY] - 285 LAMBDA[MTT,L3] ≤ 0.0
 MOPER[SAL,L3] : DESTIPRIM[SAL,L3,IST] + DESTIPRIM[SAL,L3,MAY] - 220 LAMBDA[SAL,L3] ≤ 0.0
 MOPER[SCR,L3] : DESTIPRIM[SCR,L3,IST] + DESTIPRIM[SCR,L3,MAY] - 330 LAMBDA[SCR,L3] ≤ 0.0
 MOPER[TUL,L3] : DESTIPRIM[TUL,L3,IST] + DESTIPRIM[TUL,L3,MAY] - 315 LAMBDA[TUL,L3] ≤ 0.0
 MOPER[DBO,L3] : DESTIPRIM[DBO,L3,IST] + DESTIPRIM[DBO,L3,MAY] - 315 LAMBDA[DBO,L3] ≤ 0.0
 MOPER[CAD,L4] : DESTIPRIM[CAD,L4,IST] + DESTIPRIM[CAD,L4,MAY] - 275 LAMBDA[CAD,L4] ≤ 0.0
 MOPER[MAD,L4] : DESTIPRIM[MAD,L4,IST] + DESTIPRIM[MAD,L4,MAY] - 190 LAMBDA[MAD,L4] ≤ 0.0
 MOPER[MTT,L4] : DESTIPRIM[MTT,L4,IST] + DESTIPRIM[MTT,L4,MAY] - 285 LAMBDA[MTT,L4] ≤ 0.0
 MOPER[SAL,L4] : DESTIPRIM[SAL,L4,IST] + DESTIPRIM[SAL,L4,MAY] - 220 LAMBDA[SAL,L4] ≤ 0.0
 MOPER[SCR,L4] : DESTIPRIM[SCR,L4,IST] + DESTIPRIM[SCR,L4,MAY] - 330 LAMBDA[SCR,L4] ≤ 0.0
 MOPER[TUL,L4] : DESTIPRIM[TUL,L4,IST] + DESTIPRIM[TUL,L4,MAY] - 315 LAMBDA[TUL,L4] ≤ 0.0
 MOPER[DBO,L4] : DESTIPRIM[DBO,L4,IST] + DESTIPRIM[DBO,L4,MAY] - 315 LAMBDA[DBO,L4] ≤ 0.0
 PROCESO[CAD,IST] ≥ 0.0
 PROCESO[MAD,IST] ≥ 0.0
 PROCESO[MTT,IST] ≥ 0.0
 PROCESO[SAL,IST] ≥ 0.0
 PROCESO[SCR,IST] ≥ 0.0
 PROCESO[TUL,IST] ≥ 0.0
 PROCESO[DBO,IST] ≥ 0.0
 PROCESO[CAD,MAY] ≥ 0.0
 PROCESO[MAD,MAY] ≥ 0.0
 PROCESO[MTT,MAY] ≥ 0.0
 PROCESO[SAL,MAY] ≥ 0.0
 PROCESO[SCR,MAY] ≥ 0.0
 PROCESO[TUL,MAY] ≥ 0.0
 PROCESO[DBO,MAY] ≥ 0.0
 DESTIPRIM[CAD,L1,IST] ≥ 0.0
 DESTIPRIM[MAD,L1,IST] ≥ 0.0
 DESTIPRIM[MTT,L1,IST] ≥ 0.0
 DESTIPRIM[SAL,L1,IST] ≥ 0.0
 DESTIPRIM[SCR,L1,IST] ≥ 0.0
 DESTIPRIM[TUL,L1,IST] ≥ 0.0
 DESTIPRIM[DBO,L1,IST] ≥ 0.0
 DESTIPRIM[CAD,L2,IST] ≥ 0.0
 DESTIPRIM[MAD,L2,IST] ≥ 0.0
 DESTIPRIM[MTT,L2,IST] ≥ 0.0
 DESTIPRIM[SAL,L2,IST] ≥ 0.0
 DESTIPRIM[SCR,L2,IST] ≥ 0.0
 DESTIPRIM[TUL,L2,IST] ≥ 0.0
 DESTIPRIM[DBO,L2,IST] ≥ 0.0
 DESTIPRIM[CAD,L3,IST] ≥ 0.0
 DESTIPRIM[MAD,L3,IST] ≥ 0.0
 DESTIPRIM[MTT,L3,IST] ≥ 0.0
 DESTIPRIM[SAL,L3,IST] ≥ 0.0
 DESTIPRIM[SCR,L3,IST] ≥ 0.0
 DESTIPRIM[TUL,L3,IST] ≥ 0.0
 DESTIPRIM[DBO,L3,IST] ≥ 0.0
 DESTIPRIM[CAD,L4,IST] ≥ 0.0
 DESTIPRIM[MAD,L4,IST] ≥ 0.0
 DESTIPRIM[MTT,L4,IST] ≥ 0.0
 DESTIPRIM[SAL,L4,IST] ≥ 0.0
 DESTIPRIM[SCR,L4,IST] ≥ 0.0
 DESTIPRIM[TUL,L4,IST] ≥ 0.0
 DESTIPRIM[DBO,L4,IST] ≥ 0.0
 DESTIPRIM[CAD,L1,MAY] ≥ 0.0
 DESTIPRIM[MAD,L1,MAY] ≥ 0.0
 DESTIPRIM[MTT,L1,MAY] ≥ 0.0
 DESTIPRIM[SAL,L1,MAY] ≥ 0.0
 DESTIPRIM[SCR,L1,MAY] ≥ 0.0
 DESTIPRIM[TUL,L1,MAY] ≥ 0.0
 DESTIPRIM[DBO,L1,MAY] ≥ 0.0
 DESTIPRIM[CAD,L2,MAY] ≥ 0.0
 DESTIPRIM[MAD,L2,MAY] ≥ 0.0
 DESTIPRIM[MTT,L2,MAY] ≥ 0.0
 DESTIPRIM[SAL,L2,MAY] ≥ 0.0
 DESTIPRIM[SCR,L2,MAY] ≥ 0.0
 DESTIPRIM[TUL,L2,MAY] ≥ 0.0
 DESTIPRIM[DBO,L2,MAY] ≥ 0.0
 DESTIPRIM[CAD,L3,MAY] ≥ 0.0
 DESTIPRIM[MAD,L3,MAY] ≥ 0.0
 DESTIPRIM[MTT,L3,MAY] ≥ 0.0
 DESTIPRIM[SAL,L3,MAY] ≥ 0.0
 DESTIPRIM[SCR,L3,MAY] ≥ 0.0
 DESTIPRIM[TUL,L3,MAY] ≥ 0.0
 DESTIPRIM[DBO,L3,MAY] ≥ 0.0
 DESTIPRIM[CAD,L4,MAY] ≥ 0.0
 DESTIPRIM[MAD,L4,MAY] ≥ 0.0
 DESTIPRIM[MTT,L4,MAY] ≥ 0.0
 DESTIPRIM[SAL,L4,MAY] ≥ 0.0
 DESTIPRIM[SCR,L4,MAY] ≥ 0.0
 DESTIPRIM[TUL,L4,MAY] ≥ 0.0
 DESTIPRIM[DBO,L4,MAY] ≥ 0.0
 PRODUCCION[CAD,DSL] ≥ 0.0
 PRODUCCION[MAD,DSL] ≥ 0.0
 PRODUCCION[MTT,DSL] ≥ 0.0
 PRODUCCION[SAL,DSL] ≥ 0.0
 PRODUCCION[SCR,DSL] ≥ 0.0
 PRODUCCION[TUL,DSL] ≥ 0.0
 PRODUCCION[DBO,DSL] ≥ 0.0
 PRODUCCION[CAD,GNA] ≥ 0.0
 PRODUCCION[MAD,GNA] ≥ 0.0
 PRODUCCION[MTT,GNA] ≥ 0.0
 PRODUCCION[SAL,GNA] ≥ 0.0
 PRODUCCION[SCR,GNA] ≥ 0.0
 PRODUCCION[TUL,GNA] ≥ 0.0
 PRODUCCION[DBO,GNA] ≥ 0.0
 PRODUCCION[CAD,COM] ≥ 0.0
 PRODUCCION[MAD,COM] ≥ 0.0
 PRODUCCION[MTT,COM] ≥ 0.0
 PRODUCCION[SAL,COM] ≥ 0.0
 PRODUCCION[SCR,COM] ≥ 0.0
 PRODUCCION[TUL,COM] ≥ 0.0
 PRODUCCION[DBO,COM] ≥ 0.0
 PRODUCCION[CAD,LPG] ≥ 0.0
 PRODUCCION[MAD,LPG] ≥ 0.0
 PRODUCCION[MTT,LPG] ≥ 0.0
 PRODUCCION[SAL,LPG] ≥ 0.0
 PRODUCCION[SCR,LPG] ≥ 0.0
 PRODUCCION[TUL,LPG] ≥ 0.0
 PRODUCCION[DBO,LPG] ≥ 0.0
 PRODUCCION[CAD,CKE] ≥ 0.0
 PRODUCCION[MAD,CKE] ≥ 0.0
 PRODUCCION[MTT,CKE] ≥ 0.0
 PRODUCCION[SAL,CKE] ≥ 0.0
 PRODUCCION[SCR,CKE] ≥ 0.0
 PRODUCCION[TUL,CKE] ≥ 0.0
 PRODUCCION[DBO,CKE] ≥ 0.0
 USOCAP[CAD,ATM] ≥ 0.0
 USOCAP[MAD,ATM] ≥ 0.0
 USOCAP[MTT,ATM] ≥ 0.0
 USOCAP[SAL,ATM] ≥ 0.0
 USOCAP[SCR,ATM] ≥ 0.0
 USOCAP[TUL,ATM] ≥ 0.0
 USOCAP[DBO,ATM] ≥ 0.0
 USOCAP[CAD,VAC] ≥ 0.0
 USOCAP[MAD,VAC] ≥ 0.0
 USOCAP[MTT,VAC] ≥ 0.0
 USOCAP[SAL,VAC] ≥ 0.0
 USOCAP[SCR,VAC] ≥ 0.0
 USOCAP[TUL,VAC] ≥ 0.0
 USOCAP[DBO,VAC] ≥ 0.0
 USOCAP[CAD,FCC] ≥ 0.0
 USOCAP[MAD,FCC] ≥ 0.0
 USOCAP[MTT,FCC] ≥ 0.0
 USOCAP[SAL,FCC] ≥ 0.0
 USOCAP[SCR,FCC] ≥ 0.0
 USOCAP[TUL,FCC] ≥ 0.0
 USOCAP[DBO,FCC] ≥ 0.0
 USOCAP[CAD,COK] ≥ 0.0
 USOCAP[MAD,COK] ≥ 0.0
 USOCAP[MTT,COK] ≥ 0.0
 USOCAP[SAL,COK] ≥ 0.0
 USOCAP[SCR,COK] ≥ 0.0
 USOCAP[TUL,COK] ≥ 0.0
 USOCAP[DBO,COK] ≥ 0.0
 USOCAP[CAD,REF] ≥ 0.0
 USOCAP[MAD,REF] ≥ 0.0
 USOCAP[MTT,REF] ≥ 0.0
 USOCAP[SAL,REF] ≥ 0.0
 USOCAP[SCR,REF] ≥ 0.0
 USOCAP[TUL,REF] ≥ 0.0
 USOCAP[DBO,REF] ≥ 0.0
 LAMBDA[CAD,L1] integer
 LAMBDA[MAD,L1] integer
 LAMBDA[MTT,L1] integer
 LAMBDA[SAL,L1] integer
 LAMBDA[SCR,L1] integer
 LAMBDA[TUL,L1] integer
 LAMBDA[DBO,L1] integer
 LAMBDA[CAD,L2] integer
 LAMBDA[MAD,L2] integer
 LAMBDA[MTT,L2] integer
 LAMBDA[SAL,L2] integer
 LAMBDA[SCR,L2] integer
 LAMBDA[TUL,L2] integer
 LAMBDA[DBO,L2] integer
 LAMBDA[CAD,L3] integer
 LAMBDA[MAD,L3] integer
 LAMBDA[MTT,L3] integer
 LAMBDA[SAL,L3] integer
 LAMBDA[SCR,L3] integer
 LAMBDA[TUL,L3] integer
 LAMBDA[DBO,L3] integer
 LAMBDA[CAD,L4] integer
 LAMBDA[MAD,L4] integer
 LAMBDA[MTT,L4] integer
 LAMBDA[SAL,L4] integer
 LAMBDA[SCR,L4] integer
 LAMBDA[TUL,L4] integer
 LAMBDA[DBO,L4] integer
 
 
 ########################################
 #					#
 # Solución del modelo de optimización	#
 #					#
 ########################################
 
 
Soluciones Óptimas:
Objective value: 12691.171734085365
PROCESO: 2-dimensional DenseAxisArray{Float64,2,...} with index sets:
    Dimension 1, Any["CAD", "MAD", "MTT", "SAL", "SCR", "TUL", "DBO"]
    Dimension 2, ["IST", "MAY"]
And data, a 7×2 Matrix{Float64}:
  92.09214041595862  112.55706050839389
  21.94500001495792  124.35500008476151
   0.0               285.0
 176.0                44.0
 198.0               132.0
 204.75000000000003  110.25
   0.0               315.0
DESTIPRIM: 3-dimensional DenseAxisArray{Float64,3,...} with index sets:
    Dimension 1, Any["CAD", "MAD", "MTT", "SAL", "SCR", "TUL", "DBO"]
    Dimension 2, ["L1", "L2", "L3", "L4"]
    Dimension 3, ["IST", "MAY"]
And data, a 7×4×2 Array{Float64, 3}:
[:, :, "IST"] =
 0.0    0.0               92.09214041595862  0.0
 0.0    0.0               21.94500001495792  0.0
 0.0    0.0                0.0               0.0
 0.0  176.0                0.0               0.0
 0.0  198.0                0.0               0.0
 0.0  204.75000000000003   0.0               0.0
 0.0    0.0                0.0               0.0

[:, :, "MAY"] =
   0.0    0.0               112.55706050839389  0.0
   0.0    0.0               124.35500008476149  0.0
 285.0    0.0                 0.0               0.0
   0.0   44.0                 0.0               0.0
   0.0  132.0                 0.0               0.0
   0.0  110.24999999999997    0.0               0.0
   0.0  315.0                 0.0               0.0
PRODUCCION: 2-dimensional DenseAxisArray{Float64,2,...} with index sets:
    Dimension 1, Any["CAD", "MAD", "MTT", "SAL", "SCR", "TUL", "DBO"]
    Dimension 2, ["DSL", "GNA", "COM", "LPG", "CKE"]
And data, a 7×5 Matrix{Float64}:
  70.76957961411976   100.73061105362831  14.187839026643907   6.678793510595266  12.282377719365265
  53.681666213189914   65.73888534112322  10.960003500370437   5.167382913827135  10.752062131208703
  97.54606023         147.16485634499998   0.0                12.088116540000001  28.200966885
  56.674840772         94.779108908       63.586606996         4.959443324         0.0
  83.439338136        143.326746024       95.535350658         7.698565181999999   0.0
 114.71259685724999   145.0348677225      49.041906259499996   6.210629160750001   0.0
 114.039939195        153.1319265          5.97971178         12.437418104999999  29.41100442
USOCAP: 2-dimensional DenseAxisArray{Float64,2,...} with index sets:
    Dimension 1, Any["CAD", "MAD", "MTT", "SAL", "SCR", "TUL", "DBO"]
    Dimension 2, ["ATM", "VAC", "FCC", "COK", "REF"]
And data, a 7×5 Matrix{Float64}:
 204.6492009243525  117.43522202397524  79.89092424691154   51.0                38.52811223969533
 146.3000000997194   87.0               54.13831082346117   40.750774983051095  23.89010001427871
 285.0               82.97775           58.58333346         49.281250095        20.733749999999997
 220.0               69.752678028       41.949152520000005   0.0                29.238745712
 330.0              116.22775210200001  62.923728780000005   0.0                37.680349674
 315.0              124.63684661925001  72.5335574355        0.0                50.138110433250006
 315.0              148.326027885       84.763636335        74.57840208         28.245763665000002
LAMBDA: 2-dimensional DenseAxisArray{Float64,2,...} with index sets:
    Dimension 1, Any["CAD", "MAD", "MTT", "SAL", "SCR", "TUL", "DBO"]
    Dimension 2, ["L1", "L2", "L3", "L4"]
And data, a 7×4 Matrix{Float64}:
 0.0  0.0  1.0  0.0
 0.0  0.0  1.0  0.0
 1.0  0.0  0.0  0.0
 0.0  1.0  0.0  0.0
 0.0  1.0  0.0  0.0
 0.0  1.0  0.0  0.0
 0.0  1.0  0.0  0.0
EGRESO: 1-dimensional DenseAxisArray{Float64,1,...} with index sets:
    Dimension 1, Any["CAD", "MAD", "MTT", "SAL", "SCR", "TUL", "DBO"]
And data, a 7-element Vector{Float64}:
 11405.612198385998
  8015.797065413011
 15653.865891718498
 11965.568433922399
 17995.6354498206
 17947.751894654397
 17382.421170765003
INGRESO: 1-dimensional DenseAxisArray{Float64,1,...} with index sets:
    Dimension 1, Any["CAD", "MAD", "MTT", "SAL", "SCR", "TUL", "DBO"]
And data, a 7-element Vector{Float64}:
 10150.600365847884
  6963.880004746645
 13067.25
 11143.0
 16252.5
 15655.500000000004
 14442.75
INGRESO TOTAL: 100366.6521046799
INGRESO TOTAL: 87675.48037059454
