Max INGVTA - COSDIS - COSCOM - COSREF
Subject to
 TOTING : -9.9 VTAREF[SAL,FO6] - 40 VTAREF[TUL,FO6] - 14.5 VTAREF[SAL,LPG] - 15 VTAREF[TUL,LPG] - 22 VTASVOL[OCC,DSL] - 21 VTASVOL[MEX,DSL] - 21.7 VTASVOL[BAJ,DSL] - 20 VTASVOL[EXT,DSL] - 26.1 VTASVOL[OCC,GNA] - 25 VTASVOL[MEX,GNA] - 25.5 VTASVOL[BAJ,GNA] - 24 VTASVOL[EXT,GNA] + INGVTA = 0.0
 TOTCOM : -15 CRUVOL[LIG] - 14 CRUVOL[MED] - 13 CRUVOL[PES] - 20 IMPVOL[DSL] - 24 IMPVOL[GNA] + COSCOM = 0.0
 TOTCRF : -0.75 DESVOL[SAL] - 0.5 DESVOL[TUL] + COSREF = 0.0
 TOTLOG : -2 IMPMER[OCC] - 1.1 IMPMER[MEX] - 1.6 IMPMER[BAJ] - 999 IMPMER[EXT] - 0.75 TRNVOL[SAL,OCC] - 1.8 TRNVOL[TUL,OCC] - 1.1 TRNVOL[SAL,MEX] - 0.5 TRNVOL[TUL,MEX] - 0.3 TRNVOL[SAL,BAJ] - 1.2 TRNVOL[TUL,BAJ] - 2.5 TRNVOL[SAL,EXT] - 2 TRNVOL[TUL,EXT] + COSDIS = 0.0
 IMPOR[DSL] : IMPVOL[DSL] - VTASIMP[OCC,DSL] - VTASIMP[MEX,DSL] - VTASIMP[BAJ,DSL] - VTASIMP[EXT,DSL] = 0.0
 IMPOR[GNA] : IMPVOL[GNA] - VTASIMP[OCC,GNA] - VTASIMP[MEX,GNA] - VTASIMP[BAJ,GNA] - VTASIMP[EXT,GNA] = 0.0
 VOLCRU[LIG] : CRUVOL[LIG] - PROCESO[SAL,LIG] - PROCESO[TUL,LIG] = 0.0
 VOLCRU[MED] : CRUVOL[MED] - PROCESO[SAL,MED] - PROCESO[TUL,MED] = 0.0
 VOLCRU[PES] : CRUVOL[PES] - PROCESO[SAL,PES] - PROCESO[TUL,PES] = 0.0
 PROCREF[SAL] : DESVOL[SAL] - PROCESO[SAL,LIG] - PROCESO[SAL,MED] - PROCESO[SAL,PES] = 0.0
 PROCREF[TUL] : DESVOL[TUL] - PROCESO[TUL,LIG] - PROCESO[TUL,MED] - PROCESO[TUL,PES] = 0.0
 PRODREF[SAL,DSL] : -0.35 COKVOL[SAL] - 0.32 PROCESO[SAL,LIG] - 0.31 PROCESO[SAL,MED] - 0.22 PROCESO[SAL,PES] + PRODUCC[SAL,DSL] = 0.0
 PRODREF[TUL,DSL] : -0.32 COKVOL[TUL] - 0.35 PROCESO[TUL,LIG] - 0.32 PROCESO[TUL,MED] - 0.25 PROCESO[TUL,PES] + PRODUCC[TUL,DSL] = 0.0
 PRODREF[SAL,FO6] : COKVOL[SAL] - 0.17 PROCESO[SAL,LIG] - 0.22 PROCESO[SAL,MED] - 0.44 PROCESO[SAL,PES] + PRODUCC[SAL,FO6] = 0.0
 PRODREF[TUL,FO6] : COKVOL[TUL] - 0.15 PROCESO[TUL,LIG] - 0.25 PROCESO[TUL,MED] - 0.4 PROCESO[TUL,PES] + PRODUCC[TUL,FO6] = 0.0
 PRODREF[SAL,GNA] : -0.38 COKVOL[SAL] - 0.39 PROCESO[SAL,LIG] - 0.36 PROCESO[SAL,MED] - 0.28 PROCESO[SAL,PES] + PRODUCC[SAL,GNA] = 0.0
 PRODREF[TUL,GNA] : -0.35 COKVOL[TUL] - 0.4 PROCESO[TUL,LIG] - 0.35 PROCESO[TUL,MED] - 0.3 PROCESO[TUL,PES] + PRODUCC[TUL,GNA] = 0.0
 PRODREF[SAL,LPG] : -0.03 COKVOL[SAL] - 0.12 PROCESO[SAL,LIG] - 0.11 PROCESO[SAL,MED] - 0.06 PROCESO[SAL,PES] + PRODUCC[SAL,LPG] = 0.0
 PRODREF[TUL,LPG] : -0.06 COKVOL[TUL] - 0.1 PROCESO[TUL,LIG] - 0.08 PROCESO[TUL,MED] - 0.05 PROCESO[TUL,PES] + PRODUCC[TUL,LPG] = 0.0
 BALAN1[SAL,DSL] : PRODUCC[SAL,DSL] - TRANSFER[SAL,OCC,DSL] - TRANSFER[SAL,MEX,DSL] - TRANSFER[SAL,BAJ,DSL] - TRANSFER[SAL,EXT,DSL] = 0.0
 BALAN1[TUL,DSL] : PRODUCC[TUL,DSL] - TRANSFER[TUL,OCC,DSL] - TRANSFER[TUL,MEX,DSL] - TRANSFER[TUL,BAJ,DSL] - TRANSFER[TUL,EXT,DSL] = 0.0
 BALAN1[SAL,GNA] : PRODUCC[SAL,GNA] - TRANSFER[SAL,OCC,GNA] - TRANSFER[SAL,MEX,GNA] - TRANSFER[SAL,BAJ,GNA] - TRANSFER[SAL,EXT,GNA] = 0.0
 BALAN1[TUL,GNA] : PRODUCC[TUL,GNA] - TRANSFER[TUL,OCC,GNA] - TRANSFER[TUL,MEX,GNA] - TRANSFER[TUL,BAJ,GNA] - TRANSFER[TUL,EXT,GNA] = 0.0
 BALAN2[SAL,FO6] : PRODUCC[SAL,FO6] - VTAREF[SAL,FO6] = 0.0
 BALAN2[TUL,FO6] : PRODUCC[TUL,FO6] - VTAREF[TUL,FO6] = 0.0
 BALAN2[SAL,LPG] : PRODUCC[SAL,LPG] - VTAREF[SAL,LPG] = 0.0
 BALAN2[TUL,LPG] : PRODUCC[TUL,LPG] - VTAREF[TUL,LPG] = 0.0
 VENTAS[OCC,DSL] : VTASVOL[OCC,DSL] - VTASIMP[OCC,DSL] - TRANSFER[SAL,OCC,DSL] - TRANSFER[TUL,OCC,DSL] = 0.0
 VENTAS[MEX,DSL] : VTASVOL[MEX,DSL] - VTASIMP[MEX,DSL] - TRANSFER[SAL,MEX,DSL] - TRANSFER[TUL,MEX,DSL] = 0.0
 VENTAS[BAJ,DSL] : VTASVOL[BAJ,DSL] - VTASIMP[BAJ,DSL] - TRANSFER[SAL,BAJ,DSL] - TRANSFER[TUL,BAJ,DSL] = 0.0
 VENTAS[EXT,DSL] : VTASVOL[EXT,DSL] - VTASIMP[EXT,DSL] - TRANSFER[SAL,EXT,DSL] - TRANSFER[TUL,EXT,DSL] = 0.0
 VENTAS[OCC,GNA] : VTASVOL[OCC,GNA] - VTASIMP[OCC,GNA] - TRANSFER[SAL,OCC,GNA] - TRANSFER[TUL,OCC,GNA] = 0.0
 VENTAS[MEX,GNA] : VTASVOL[MEX,GNA] - VTASIMP[MEX,GNA] - TRANSFER[SAL,MEX,GNA] - TRANSFER[TUL,MEX,GNA] = 0.0
 VENTAS[BAJ,GNA] : VTASVOL[BAJ,GNA] - VTASIMP[BAJ,GNA] - TRANSFER[SAL,BAJ,GNA] - TRANSFER[TUL,BAJ,GNA] = 0.0
 VENTAS[EXT,GNA] : VTASVOL[EXT,GNA] - VTASIMP[EXT,GNA] - TRANSFER[SAL,EXT,GNA] - TRANSFER[TUL,EXT,GNA] = 0.0
 IMPORTOT[OCC] : IMPMER[OCC] - VTASIMP[OCC,DSL] - VTASIMP[OCC,GNA] = 0.0
 IMPORTOT[MEX] : IMPMER[MEX] - VTASIMP[MEX,DSL] - VTASIMP[MEX,GNA] = 0.0
 IMPORTOT[BAJ] : IMPMER[BAJ] - VTASIMP[BAJ,DSL] - VTASIMP[BAJ,GNA] = 0.0
 IMPORTOT[EXT] : IMPMER[EXT] - VTASIMP[EXT,DSL] - VTASIMP[EXT,GNA] = 0.0
 TOTTRN[SAL,OCC] : TRNVOL[SAL,OCC] - TRANSFER[SAL,OCC,DSL] - TRANSFER[SAL,OCC,GNA] = 0.0
 TOTTRN[TUL,OCC] : TRNVOL[TUL,OCC] - TRANSFER[TUL,OCC,DSL] - TRANSFER[TUL,OCC,GNA] = 0.0
 TOTTRN[SAL,MEX] : TRNVOL[SAL,MEX] - TRANSFER[SAL,MEX,DSL] - TRANSFER[SAL,MEX,GNA] = 0.0
 TOTTRN[TUL,MEX] : TRNVOL[TUL,MEX] - TRANSFER[TUL,MEX,DSL] - TRANSFER[TUL,MEX,GNA] = 0.0
 TOTTRN[SAL,BAJ] : TRNVOL[SAL,BAJ] - TRANSFER[SAL,BAJ,DSL] - TRANSFER[SAL,BAJ,GNA] = 0.0
 TOTTRN[TUL,BAJ] : TRNVOL[TUL,BAJ] - TRANSFER[TUL,BAJ,DSL] - TRANSFER[TUL,BAJ,GNA] = 0.0
 TOTTRN[SAL,EXT] : TRNVOL[SAL,EXT] - TRANSFER[SAL,EXT,DSL] - TRANSFER[SAL,EXT,GNA] = 0.0
 TOTTRN[TUL,EXT] : TRNVOL[TUL,EXT] - TRANSFER[TUL,EXT,DSL] - TRANSFER[TUL,EXT,GNA] = 0.0
 PESADO[SAL] : -0.2 DESVOL[SAL] + PROCESO[SAL,PES] ≤ 0.0
 PESADO[TUL] : -0.45 DESVOL[TUL] + PROCESO[TUL,PES] ≤ 0.0
 CRUVOL[LIG] ∈ [32.0, 70.0]
 CRUVOL[MED] ∈ [20.0, 40.0]
 CRUVOL[PES] ∈ [25.0, 58.0]
 DESVOL[SAL] ∈ [0.0, 60.0]
 DESVOL[TUL] ∈ [0.0, 100.0]
 COKVOL[SAL] ∈ [0.0, 15.0]
 COKVOL[TUL] ∈ [0.0, 25.0]
 VTASVOL[OCC,DSL] ∈ [15.0, 30.0]
 VTASVOL[MEX,DSL] ∈ [15.0, 30.0]
 VTASVOL[BAJ,DSL] ∈ [17.5, 35.0]
 VTASVOL[EXT,DSL] ∈ [0.0, 999.0]
 VTASVOL[OCC,GNA] ∈ [20.0, 40.0]
 VTASVOL[MEX,GNA] ∈ [25.0, 50.0]
 VTASVOL[BAJ,GNA] ∈ [22.5, 45.0]
 VTASVOL[EXT,GNA] ∈ [0.0, 999.0]
 TRNVOL[SAL,OCC] ∈ [0.0, 50.0]
 TRNVOL[TUL,OCC] ∈ [0.0, 50.0]
 TRNVOL[SAL,MEX] ∈ [0.0, 30.0]
 TRNVOL[TUL,MEX] ∈ [0.0, 70.0]
 TRNVOL[SAL,BAJ] ∈ [0.0, 50.0]
 TRNVOL[TUL,BAJ] ∈ [0.0, 50.0]
 TRNVOL[SAL,EXT] ∈ [0.0, 999.0]
 TRNVOL[TUL,EXT] ∈ [0.0, 999.0]
 IMPVOL[DSL] ≥ 0.0
 IMPVOL[GNA] ≥ 0.0
 IMPMER[OCC] ≥ 0.0
 IMPMER[MEX] ≥ 0.0
 IMPMER[BAJ] ≥ 0.0
 IMPMER[EXT] ≥ 0.0
 PROCESO[SAL,LIG] ≥ 0.0
 PROCESO[TUL,LIG] ≥ 0.0
 PROCESO[SAL,MED] ≥ 0.0
 PROCESO[TUL,MED] ≥ 0.0
 PROCESO[SAL,PES] ≥ 0.0
 PROCESO[TUL,PES] ≥ 0.0
 PRODUCC[SAL,DSL] ≥ 0.0
 PRODUCC[TUL,DSL] ≥ 0.0
 PRODUCC[SAL,FO6] ≥ 0.0
 PRODUCC[TUL,FO6] ≥ 0.0
 PRODUCC[SAL,GNA] ≥ 0.0
 PRODUCC[TUL,GNA] ≥ 0.0
 PRODUCC[SAL,LPG] ≥ 0.0
 PRODUCC[TUL,LPG] ≥ 0.0
 VTAREF[SAL,FO6] ≥ 0.0
 VTAREF[TUL,FO6] ≥ 0.0
 VTAREF[SAL,LPG] ≥ 0.0
 VTAREF[TUL,LPG] ≥ 0.0
 VTASIMP[OCC,DSL] ≥ 0.0
 VTASIMP[MEX,DSL] ≥ 0.0
 VTASIMP[BAJ,DSL] ≥ 0.0
 VTASIMP[EXT,DSL] ≥ 0.0
 VTASIMP[OCC,GNA] ≥ 0.0
 VTASIMP[MEX,GNA] ≥ 0.0
 VTASIMP[BAJ,GNA] ≥ 0.0
 VTASIMP[EXT,GNA] ≥ 0.0
 TRNVOL[SAL,OCC] ≥ 0.0
 TRNVOL[TUL,OCC] ≥ 0.0
 TRNVOL[SAL,MEX] ≥ 0.0
 TRNVOL[TUL,MEX] ≥ 0.0
 TRNVOL[SAL,BAJ] ≥ 0.0
 TRNVOL[TUL,BAJ] ≥ 0.0
 TRNVOL[SAL,EXT] ≥ 0.0
 TRNVOL[TUL,EXT] ≥ 0.0
 TRANSFER[SAL,OCC,DSL] ≥ 0.0
 TRANSFER[TUL,OCC,DSL] ≥ 0.0
 TRANSFER[SAL,MEX,DSL] ≥ 0.0
 TRANSFER[TUL,MEX,DSL] ≥ 0.0
 TRANSFER[SAL,BAJ,DSL] ≥ 0.0
 TRANSFER[TUL,BAJ,DSL] ≥ 0.0
 TRANSFER[SAL,EXT,DSL] ≥ 0.0
 TRANSFER[TUL,EXT,DSL] ≥ 0.0
 TRANSFER[SAL,OCC,GNA] ≥ 0.0
 TRANSFER[TUL,OCC,GNA] ≥ 0.0
 TRANSFER[SAL,MEX,GNA] ≥ 0.0
 TRANSFER[TUL,MEX,GNA] ≥ 0.0
 TRANSFER[SAL,BAJ,GNA] ≥ 0.0
 TRANSFER[TUL,BAJ,GNA] ≥ 0.0
 TRANSFER[SAL,EXT,GNA] ≥ 0.0
 TRANSFER[TUL,EXT,GNA] ≥ 0.0
 COSDIS ≥ 0.0
 COSCOM ≥ 0.0
 COSREF ≥ 0.0
 INGVTA ≥ 0.0
Soluciones Óptimas:
Objective value: 1670.9033999999992
CRUVOL: 1-dimensional DenseAxisArray{Float64,1,...} with index sets:
    Dimension 1, ["LIG", "MED", "PES"]
And data, a 3-element Vector{Float64}:
 63.000000000000036
 40.0
 56.99999999999999
IMPVOL: 1-dimensional DenseAxisArray{Float64,1,...} with index sets:
    Dimension 1, ["DSL", "GNA"]
And data, a 2-element Vector{Float64}:
 27.296000000000006
 35.3128
IMPMER: 1-dimensional DenseAxisArray{Float64,1,...} with index sets:
    Dimension 1, ["OCC", "MEX", "BAJ", "EXT"]
And data, a 4-element Vector{Float64}:
 50.3128
  0.0
 12.29600000000001
  0.0
DESVOL: 1-dimensional DenseAxisArray{Float64,1,...} with index sets:
    Dimension 1, ["SAL", "TUL"]
And data, a 2-element Vector{Float64}:
  60.0
 100.0
COKVOL: 1-dimensional DenseAxisArray{Float64,1,...} with index sets:
    Dimension 1, ["SAL", "TUL"]
And data, a 2-element Vector{Float64}:
 13.439999999999994
  0.0
PROCESO: 2-dimensional DenseAxisArray{Float64,2,...} with index sets:
    Dimension 1, ["SAL", "TUL"]
    Dimension 2, ["LIG", "MED", "PES"]
And data, a 2×3 Matrix{Float64}:
 48.00000000000001    0.0  11.999999999999993
 15.000000000000002  40.0  45.0
PRODUCC: 2-dimensional DenseAxisArray{Float64,2,...} with index sets:
    Dimension 1, ["SAL", "TUL"]
    Dimension 2, ["DSL", "FO6", "GNA", "LPG"]
And data, a 2×4 Matrix{Float64}:
 22.703999999999997   0.0                27.1872            6.883199999999999
 29.3                30.249999999999993  33.50000000000001  6.950000000000001
VTAREF: 2-dimensional DenseAxisArray{Float64,2,...} with index sets:
    Dimension 1, ["SAL", "TUL"]
    Dimension 2, ["FO6", "LPG"]
And data, a 2×2 Matrix{Float64}:
  0.0                6.883199999999999
 30.249999999999993  6.950000000000001
VTASVOL: 2-dimensional DenseAxisArray{Float64,2,...} with index sets:
    Dimension 1, ["OCC", "MEX", "BAJ", "EXT"]
    Dimension 2, ["DSL", "GNA"]
And data, a 4×2 Matrix{Float64}:
 14.999999999999979  40.0
 29.299999999999986  33.50000000000001
 35.000000000000014  22.499999999999982
  0.0                 1.9539925233402755e-14
VTASIMP: 2-dimensional DenseAxisArray{Float64,2,...} with index sets:
    Dimension 1, ["OCC", "MEX", "BAJ", "EXT"]
    Dimension 2, ["DSL", "GNA"]
And data, a 4×2 Matrix{Float64}:
 14.999999999999995  35.3128
  0.0                 0.0
 12.29600000000001    0.0
  0.0                 0.0
TRNVOL: 2-dimensional DenseAxisArray{Float64,2,...} with index sets:
    Dimension 1, ["SAL", "TUL"]
    Dimension 2, ["OCC", "MEX", "BAJ", "EXT"]
And data, a 2×4 Matrix{Float64}:
 4.687199999999999   0.0               45.203999999999986       0.0
 0.0                62.80000000000001   3.0711236023408795e-15  0.0
